[22:59:43] [ServerMain/INFO]: Building unoptimized datafixer
[22:59:44] [ServerMain/INFO]: Environment: authHost='https://authserver.mojang.com', accountsHost='https://api.mojang.com', sessionHost='https://sessionserver.mojang.com', servicesHost='https://api.minecraftservices.com', name='PROD'
[22:59:46] [ServerMain/INFO]: Loaded 7 recipes
[22:59:46] [ServerMain/INFO]: Loaded 1179 advancements
[22:59:47] [Server thread/INFO]: Starting minecraft server version 1.19
[22:59:47] [Server thread/INFO]: Loading properties
[22:59:47] [Server thread/INFO]: Default game type: SURVIVAL
[22:59:47] [Server thread/INFO]: Generating keypair
[22:59:47] [Server thread/INFO]: Starting Minecraft server on *:25565
[22:59:47] [Server thread/INFO]: Using default channel type
[22:59:47] [Server thread/INFO]: Preparing level "world"
[22:59:47] [Server thread/INFO]: Preparing start region for dimension minecraft:overworld
[22:59:50] [Worker-Main-6/INFO]: Preparing spawn area: 0%
[22:59:51] [Worker-Main-6/INFO]: Preparing spawn area: 0%
[22:59:51] [Worker-Main-6/INFO]: Preparing spawn area: 0%
[22:59:51] [Worker-Main-6/INFO]: Preparing spawn area: 0%
[22:59:51] [Worker-Main-4/INFO]: Preparing spawn area: 0%
[22:59:51] [Worker-Main-1/INFO]: Preparing spawn area: 0%
[22:59:51] [Worker-Main-6/INFO]: Preparing spawn area: 0%
[22:59:51] [Worker-Main-1/INFO]: Preparing spawn area: 8%
[22:59:51] [Worker-Main-7/INFO]: Preparing spawn area: 88%
[22:59:52] [Server thread/INFO]: Time elapsed: 4128 ms
[22:59:52] [Server thread/INFO]: Done (4.355s)! For help, type "help"
[23:00:14] [User Authenticator #1/INFO]: UUID of player Nixyz_ is 55e4428c-a047-484e-a385-e48180e2c8cf
[23:00:14] [Server thread/INFO]: Nixyz_[/[0:0:0:0:0:0:0:1]:62496] logged in with entity id 112 at (-7.5, 70.0, 9.5)
[23:00:14] [Server thread/INFO]: Nixyz_ joined the game
[23:02:57] [Server thread/WARN]: Mismatch in destroy block pos: gt{x=-4, y=67, z=-2} gt{x=-4, y=65, z=-1}
[23:03:02] [Server thread/INFO]: Unknown or incomplete command, see below for error
[23:03:02] [Server thread/INFO]: OP<--[HERE]
[23:03:06] [Server thread/INFO]: Made Nixyz_ a server operator
[23:03:11] [Server thread/INFO]: [Nixyz_: Set own game mode to Creative Mode]
[23:03:56] [User Authenticator #2/INFO]: UUID of player Meniva is 1a1e659c-60d9-4d8f-b7c7-ac7dfd41d406
[23:03:56] [Server thread/INFO]: Meniva[/[0:0:0:0:0:0:0:1]:51591] logged in with entity id 831 at (10.5, 66.0, 6.5)
[23:03:56] [Server thread/INFO]: Meniva joined the game
